<?xml version="1.0" encoding="UTF-8"?>
<!-- Generated by org.testng.reporters.JUnitReportReporter -->
<testsuite hostname="DESKTOP-AFJ4RN8" failures="0" tests="1" name="com.cucumber.TestRunner.SearchForAParticularTeacherRunner" time="22.043" errors="0" timestamp="2024-03-05T11:51:38 IST" skipped="0">
  <testcase classname="com.cucumber.TestRunner.SearchForAParticularTeacherRunner" name="feature" time="22.043"/>
  <system-out>
    <![CDATA[About to begin executing following method : AbstractTestNGCucumberTests.feature
Completed executing following method : AbstractTestNGCucumberTests.feature
Test Method resides in com.cucumber.TestRunner.SearchForAParticularTeacherRunner
Test Method had the following parameters : nullAdministrator - Verify that the Administrator user can search for a particular teacher with a valid username in the Teacher Management.,
Test Status: Pass]]>
  </system-out>
</testsuite> <!-- com.cucumber.TestRunner.SearchForAParticularTeacherRunner -->
