<?xml version="1.0" encoding="UTF-8"?>
<!-- Generated by org.testng.reporters.JUnitReportReporter -->
<testsuite hostname="DESKTOP-AFJ4RN8" failures="0" tests="1" name="com.cucumber.TestRunner.ViewUserRunner" time="28.912" errors="0" timestamp="2024-03-05T11:51:38 IST" skipped="0">
  <testcase classname="com.cucumber.TestRunner.ViewUserRunner" name="feature" time="28.912"/>
  <system-out>
    <![CDATA[About to begin executing following method : AbstractTestNGCucumberTests.feature
Completed executing following method : AbstractTestNGCucumberTests.feature
Test Method resides in com.cucumber.TestRunner.ViewUserRunner
Test Method had the following parameters : nullAdministrator - View Particular User Details,
Test Status: Pass]]>
  </system-out>
</testsuite> <!-- com.cucumber.TestRunner.ViewUserRunner -->
