<?xml version="1.0" encoding="UTF-8"?>
<!-- Generated by org.testng.reporters.JUnitReportReporter -->
<testsuite hostname="DESKTOP-AFJ4RN8" failures="0" tests="1" name="com.cucumber.TestRunner.EditparticularuserdetailsRunner" time="66.850" errors="0" timestamp="2024-02-12T16:53:58 IST" skipped="0">
  <testcase classname="com.cucumber.TestRunner.EditparticularuserdetailsRunner" name="feature" time="66.850"/>
  <system-out>
    <![CDATA[About to begin executing following method : AbstractTestNGCucumberTests.feature
Completed executing following method : AbstractTestNGCucumberTests.feature
Test Method resides in com.cucumber.TestRunner.EditparticularuserdetailsRunner
Test Method had the following parameters : nullAdministrator - Edit particular user details,
Test Status: Pass]]>
  </system-out>
</testsuite> <!-- com.cucumber.TestRunner.EditparticularuserdetailsRunner -->
